#-----------------------------------------------------------
# Vivado v2019.1 (64-bit)
# SW Build 2552052 on Fri May 24 14:49:42 MDT 2019
# IP Build 2548770 on Fri May 24 18:01:18 MDT 2019
# Start of session at: Sat Sep 21 17:50:22 2019
# Process ID: 11084
# Current directory: C:/Users/joemo/Desktop/Single-cycle Processor
# Command line: vivado.exe -gui_launcher_event rodinguilauncherevent5940 C:\Users\joemo\Desktop\Single-cycle Processor\Single-cycle Processor.xpr
# Log file: C:/Users/joemo/Desktop/Single-cycle Processor/vivado.log
# Journal file: C:/Users/joemo/Desktop/Single-cycle Processor\vivado.jou
#-----------------------------------------------------------
start_gui
open_project {C:/Users/joemo/Desktop/Single-cycle Processor/Single-cycle Processor.xpr}
Scanning sources...
Finished scanning sources
INFO: [IP_Flow 19-234] Refreshing IP repositories
INFO: [IP_Flow 19-1704] No user IP repositories specified
INFO: [IP_Flow 19-2313] Loaded Vivado IP repository 'C:/Xilinx/Vivado/2019.1/data/ip'.
open_project: Time (s): cpu = 00:00:29 ; elapsed = 00:00:13 . Memory (MB): peak = 663.516 ; gain = 74.305
update_compile_order -fileset sources_1
exit
INFO: [Common 17-206] Exiting Vivado at Sat Sep 21 21:55:08 2019...
