
*** Running vivado
    with args -log Top.vds -m64 -product Vivado -mode batch -messageDb vivado.pb -notrace -source Top.tcl


****** Vivado v2019.1 (64-bit)
  **** SW Build 2552052 on Fri May 24 14:49:42 MDT 2019
  **** IP Build 2548770 on Fri May 24 18:01:18 MDT 2019
    ** Copyright 1986-2019 Xilinx, Inc. All Rights Reserved.

source Top.tcl -notrace
Command: synth_design -top Top -part xc7a35tcpg236-1
Starting synth_design
Attempting to get a license for feature 'Synthesis' and/or device 'xc7a35t'
INFO: [Common 17-349] Got license for feature 'Synthesis' and/or device 'xc7a35t'
INFO: [Device 21-403] Loading part xc7a35tcpg236-1
INFO: Launching helper process for spawning children vivado processes
INFO: Helper process launched with PID 9600 
---------------------------------------------------------------------------------
Starting RTL Elaboration : Time (s): cpu = 00:00:05 ; elapsed = 00:00:05 . Memory (MB): peak = 699.875 ; gain = 176.887
---------------------------------------------------------------------------------
INFO: [Synth 8-6157] synthesizing module 'Top' [C:/Users/joemo/Desktop/470L part 2/470L part 2.srcs/sources_1/new/Top.v:3]
INFO: [Synth 8-6157] synthesizing module 'UART_Transmiter' [C:/Users/joemo/Desktop/470L part 2/470L part 2.srcs/sources_1/new/UART_Transmiter.v:3]
	Parameter baud bound to: 10416 - type: integer 
	Parameter idle bound to: 2'b00 
	Parameter ready bound to: 2'b01 
	Parameter transmit bound to: 2'b10 
INFO: [Synth 8-155] case statement is not full and has no default [C:/Users/joemo/Desktop/470L part 2/470L part 2.srcs/sources_1/new/UART_Transmiter.v:21]
INFO: [Synth 8-6155] done synthesizing module 'UART_Transmiter' (1#1) [C:/Users/joemo/Desktop/470L part 2/470L part 2.srcs/sources_1/new/UART_Transmiter.v:3]
INFO: [Synth 8-6157] synthesizing module 'UART_Receiver' [C:/Users/joemo/Desktop/470L part 2/470L part 2.srcs/sources_1/new/UART_Receiver.v:3]
	Parameter baud bound to: 651 - type: integer 
	Parameter idle bound to: 2'b00 
	Parameter ready bound to: 2'b01 
	Parameter read bound to: 2'b10 
	Parameter done bound to: 2'b11 
INFO: [Synth 8-6155] done synthesizing module 'UART_Receiver' (2#1) [C:/Users/joemo/Desktop/470L part 2/470L part 2.srcs/sources_1/new/UART_Receiver.v:3]
INFO: [Synth 8-6157] synthesizing module 'SevenSegmentDisplays' [C:/Users/joemo/Desktop/470L part 2/470L part 2.srcs/sources_1/new/SevenSegmentDisplays.v:3]
	Parameter zero bound to: 7'b1000000 
	Parameter one bound to: 7'b1111001 
	Parameter two bound to: 7'b0100100 
	Parameter three bound to: 7'b0110000 
	Parameter four bound to: 7'b0011001 
	Parameter five bound to: 7'b0010010 
	Parameter six bound to: 7'b0000010 
	Parameter seven bound to: 7'b1111000 
	Parameter eight bound to: 7'b0000000 
	Parameter nine bound to: 7'b0010000 
	Parameter A bound to: 7'b0001000 
	Parameter B bound to: 7'b0000011 
	Parameter C bound to: 7'b1000110 
	Parameter D bound to: 7'b0100001 
	Parameter E bound to: 7'b0000110 
	Parameter F bound to: 7'b0001110 
	Parameter clockDivider bound to: 1000 - type: integer 
INFO: [Synth 8-226] default block is never used [C:/Users/joemo/Desktop/470L part 2/470L part 2.srcs/sources_1/new/SevenSegmentDisplays.v:52]
WARNING: [Synth 8-567] referenced signal 'digit' should be on the sensitivity list [C:/Users/joemo/Desktop/470L part 2/470L part 2.srcs/sources_1/new/SevenSegmentDisplays.v:51]
INFO: [Synth 8-6155] done synthesizing module 'SevenSegmentDisplays' (3#1) [C:/Users/joemo/Desktop/470L part 2/470L part 2.srcs/sources_1/new/SevenSegmentDisplays.v:3]
INFO: [Synth 8-6155] done synthesizing module 'Top' (4#1) [C:/Users/joemo/Desktop/470L part 2/470L part 2.srcs/sources_1/new/Top.v:3]
WARNING: [Synth 8-3331] design UART_Receiver has unconnected port JC[7]
WARNING: [Synth 8-3331] design UART_Receiver has unconnected port JC[6]
WARNING: [Synth 8-3331] design UART_Receiver has unconnected port JC[5]
WARNING: [Synth 8-3331] design UART_Receiver has unconnected port JC[4]
WARNING: [Synth 8-3331] design UART_Receiver has unconnected port JC[3]
WARNING: [Synth 8-3331] design UART_Receiver has unconnected port JC[2]
WARNING: [Synth 8-3331] design UART_Receiver has unconnected port JC[1]
---------------------------------------------------------------------------------
Finished RTL Elaboration : Time (s): cpu = 00:00:06 ; elapsed = 00:00:06 . Memory (MB): peak = 764.441 ; gain = 241.453
---------------------------------------------------------------------------------

Report Check Netlist: 
+------+------------------+-------+---------+-------+------------------+
|      |Item              |Errors |Warnings |Status |Description       |
+------+------------------+-------+---------+-------+------------------+
|1     |multi_driven_nets |      0|        0|Passed |Multi driven nets |
+------+------------------+-------+---------+-------+------------------+
---------------------------------------------------------------------------------
Start Handling Custom Attributes
---------------------------------------------------------------------------------
---------------------------------------------------------------------------------
Finished Handling Custom Attributes : Time (s): cpu = 00:00:06 ; elapsed = 00:00:07 . Memory (MB): peak = 764.441 ; gain = 241.453
---------------------------------------------------------------------------------
---------------------------------------------------------------------------------
Finished RTL Optimization Phase 1 : Time (s): cpu = 00:00:06 ; elapsed = 00:00:07 . Memory (MB): peak = 764.441 ; gain = 241.453
---------------------------------------------------------------------------------
INFO: [Project 1-570] Preparing netlist for logic optimization

Processing XDC Constraints
Initializing timing engine
Parsing XDC File [C:/Users/joemo/Downloads/digilent-xdc-master/digilent-xdc-master/Basys-3-Master.xdc]
WARNING: [Vivado 12-584] No ports matched 'sw[8]'. [C:/Users/joemo/Downloads/digilent-xdc-master/digilent-xdc-master/Basys-3-Master.xdc:28]
CRITICAL WARNING: [Common 17-55] 'set_property' expects at least one object. [C:/Users/joemo/Downloads/digilent-xdc-master/digilent-xdc-master/Basys-3-Master.xdc:28]
Resolution: If [get_<value>] was used to populate the object, check to make sure this command returns at least one valid object.
WARNING: [Vivado 12-584] No ports matched 'sw[8]'. [C:/Users/joemo/Downloads/digilent-xdc-master/digilent-xdc-master/Basys-3-Master.xdc:29]
CRITICAL WARNING: [Common 17-55] 'set_property' expects at least one object. [C:/Users/joemo/Downloads/digilent-xdc-master/digilent-xdc-master/Basys-3-Master.xdc:29]
Resolution: If [get_<value>] was used to populate the object, check to make sure this command returns at least one valid object.
WARNING: [Vivado 12-584] No ports matched 'sw[9]'. [C:/Users/joemo/Downloads/digilent-xdc-master/digilent-xdc-master/Basys-3-Master.xdc:30]
CRITICAL WARNING: [Common 17-55] 'set_property' expects at least one object. [C:/Users/joemo/Downloads/digilent-xdc-master/digilent-xdc-master/Basys-3-Master.xdc:30]
Resolution: If [get_<value>] was used to populate the object, check to make sure this command returns at least one valid object.
WARNING: [Vivado 12-584] No ports matched 'sw[9]'. [C:/Users/joemo/Downloads/digilent-xdc-master/digilent-xdc-master/Basys-3-Master.xdc:31]
CRITICAL WARNING: [Common 17-55] 'set_property' expects at least one object. [C:/Users/joemo/Downloads/digilent-xdc-master/digilent-xdc-master/Basys-3-Master.xdc:31]
Resolution: If [get_<value>] was used to populate the object, check to make sure this command returns at least one valid object.
WARNING: [Vivado 12-584] No ports matched 'sw[10]'. [C:/Users/joemo/Downloads/digilent-xdc-master/digilent-xdc-master/Basys-3-Master.xdc:32]
CRITICAL WARNING: [Common 17-55] 'set_property' expects at least one object. [C:/Users/joemo/Downloads/digilent-xdc-master/digilent-xdc-master/Basys-3-Master.xdc:32]
Resolution: If [get_<value>] was used to populate the object, check to make sure this command returns at least one valid object.
WARNING: [Vivado 12-584] No ports matched 'sw[10]'. [C:/Users/joemo/Downloads/digilent-xdc-master/digilent-xdc-master/Basys-3-Master.xdc:33]
CRITICAL WARNING: [Common 17-55] 'set_property' expects at least one object. [C:/Users/joemo/Downloads/digilent-xdc-master/digilent-xdc-master/Basys-3-Master.xdc:33]
Resolution: If [get_<value>] was used to populate the object, check to make sure this command returns at least one valid object.
WARNING: [Vivado 12-584] No ports matched 'sw[11]'. [C:/Users/joemo/Downloads/digilent-xdc-master/digilent-xdc-master/Basys-3-Master.xdc:34]
CRITICAL WARNING: [Common 17-55] 'set_property' expects at least one object. [C:/Users/joemo/Downloads/digilent-xdc-master/digilent-xdc-master/Basys-3-Master.xdc:34]
Resolution: If [get_<value>] was used to populate the object, check to make sure this command returns at least one valid object.
WARNING: [Vivado 12-584] No ports matched 'sw[11]'. [C:/Users/joemo/Downloads/digilent-xdc-master/digilent-xdc-master/Basys-3-Master.xdc:35]
CRITICAL WARNING: [Common 17-55] 'set_property' expects at least one object. [C:/Users/joemo/Downloads/digilent-xdc-master/digilent-xdc-master/Basys-3-Master.xdc:35]
Resolution: If [get_<value>] was used to populate the object, check to make sure this command returns at least one valid object.
WARNING: [Vivado 12-584] No ports matched 'sw[12]'. [C:/Users/joemo/Downloads/digilent-xdc-master/digilent-xdc-master/Basys-3-Master.xdc:36]
CRITICAL WARNING: [Common 17-55] 'set_property' expects at least one object. [C:/Users/joemo/Downloads/digilent-xdc-master/digilent-xdc-master/Basys-3-Master.xdc:36]
Resolution: If [get_<value>] was used to populate the object, check to make sure this command returns at least one valid object.
WARNING: [Vivado 12-584] No ports matched 'sw[12]'. [C:/Users/joemo/Downloads/digilent-xdc-master/digilent-xdc-master/Basys-3-Master.xdc:37]
CRITICAL WARNING: [Common 17-55] 'set_property' expects at least one object. [C:/Users/joemo/Downloads/digilent-xdc-master/digilent-xdc-master/Basys-3-Master.xdc:37]
Resolution: If [get_<value>] was used to populate the object, check to make sure this command returns at least one valid object.
WARNING: [Vivado 12-584] No ports matched 'sw[13]'. [C:/Users/joemo/Downloads/digilent-xdc-master/digilent-xdc-master/Basys-3-Master.xdc:38]
CRITICAL WARNING: [Common 17-55] 'set_property' expects at least one object. [C:/Users/joemo/Downloads/digilent-xdc-master/digilent-xdc-master/Basys-3-Master.xdc:38]
Resolution: If [get_<value>] was used to populate the object, check to make sure this command returns at least one valid object.
WARNING: [Vivado 12-584] No ports matched 'sw[13]'. [C:/Users/joemo/Downloads/digilent-xdc-master/digilent-xdc-master/Basys-3-Master.xdc:39]
CRITICAL WARNING: [Common 17-55] 'set_property' expects at least one object. [C:/Users/joemo/Downloads/digilent-xdc-master/digilent-xdc-master/Basys-3-Master.xdc:39]
Resolution: If [get_<value>] was used to populate the object, check to make sure this command returns at least one valid object.
WARNING: [Vivado 12-584] No ports matched 'sw[14]'. [C:/Users/joemo/Downloads/digilent-xdc-master/digilent-xdc-master/Basys-3-Master.xdc:40]
CRITICAL WARNING: [Common 17-55] 'set_property' expects at least one object. [C:/Users/joemo/Downloads/digilent-xdc-master/digilent-xdc-master/Basys-3-Master.xdc:40]
Resolution: If [get_<value>] was used to populate the object, check to make sure this command returns at least one valid object.
WARNING: [Vivado 12-584] No ports matched 'sw[14]'. [C:/Users/joemo/Downloads/digilent-xdc-master/digilent-xdc-master/Basys-3-Master.xdc:41]
CRITICAL WARNING: [Common 17-55] 'set_property' expects at least one object. [C:/Users/joemo/Downloads/digilent-xdc-master/digilent-xdc-master/Basys-3-Master.xdc:41]
Resolution: If [get_<value>] was used to populate the object, check to make sure this command returns at least one valid object.
WARNING: [Vivado 12-584] No ports matched 'sw[15]'. [C:/Users/joemo/Downloads/digilent-xdc-master/digilent-xdc-master/Basys-3-Master.xdc:42]
CRITICAL WARNING: [Common 17-55] 'set_property' expects at least one object. [C:/Users/joemo/Downloads/digilent-xdc-master/digilent-xdc-master/Basys-3-Master.xdc:42]
Resolution: If [get_<value>] was used to populate the object, check to make sure this command returns at least one valid object.
WARNING: [Vivado 12-584] No ports matched 'sw[15]'. [C:/Users/joemo/Downloads/digilent-xdc-master/digilent-xdc-master/Basys-3-Master.xdc:43]
CRITICAL WARNING: [Common 17-55] 'set_property' expects at least one object. [C:/Users/joemo/Downloads/digilent-xdc-master/digilent-xdc-master/Basys-3-Master.xdc:43]
Resolution: If [get_<value>] was used to populate the object, check to make sure this command returns at least one valid object.
WARNING: [Vivado 12-584] No ports matched 'led[8]'. [C:/Users/joemo/Downloads/digilent-xdc-master/digilent-xdc-master/Basys-3-Master.xdc:63]
CRITICAL WARNING: [Common 17-55] 'set_property' expects at least one object. [C:/Users/joemo/Downloads/digilent-xdc-master/digilent-xdc-master/Basys-3-Master.xdc:63]
Resolution: If [get_<value>] was used to populate the object, check to make sure this command returns at least one valid object.
WARNING: [Vivado 12-584] No ports matched 'led[8]'. [C:/Users/joemo/Downloads/digilent-xdc-master/digilent-xdc-master/Basys-3-Master.xdc:64]
CRITICAL WARNING: [Common 17-55] 'set_property' expects at least one object. [C:/Users/joemo/Downloads/digilent-xdc-master/digilent-xdc-master/Basys-3-Master.xdc:64]
Resolution: If [get_<value>] was used to populate the object, check to make sure this command returns at least one valid object.
WARNING: [Vivado 12-584] No ports matched 'led[9]'. [C:/Users/joemo/Downloads/digilent-xdc-master/digilent-xdc-master/Basys-3-Master.xdc:65]
CRITICAL WARNING: [Common 17-55] 'set_property' expects at least one object. [C:/Users/joemo/Downloads/digilent-xdc-master/digilent-xdc-master/Basys-3-Master.xdc:65]
Resolution: If [get_<value>] was used to populate the object, check to make sure this command returns at least one valid object.
WARNING: [Vivado 12-584] No ports matched 'led[9]'. [C:/Users/joemo/Downloads/digilent-xdc-master/digilent-xdc-master/Basys-3-Master.xdc:66]
CRITICAL WARNING: [Common 17-55] 'set_property' expects at least one object. [C:/Users/joemo/Downloads/digilent-xdc-master/digilent-xdc-master/Basys-3-Master.xdc:66]
Resolution: If [get_<value>] was used to populate the object, check to make sure this command returns at least one valid object.
WARNING: [Vivado 12-584] No ports matched 'led[10]'. [C:/Users/joemo/Downloads/digilent-xdc-master/digilent-xdc-master/Basys-3-Master.xdc:67]
CRITICAL WARNING: [Common 17-55] 'set_property' expects at least one object. [C:/Users/joemo/Downloads/digilent-xdc-master/digilent-xdc-master/Basys-3-Master.xdc:67]
Resolution: If [get_<value>] was used to populate the object, check to make sure this command returns at least one valid object.
WARNING: [Vivado 12-584] No ports matched 'led[10]'. [C:/Users/joemo/Downloads/digilent-xdc-master/digilent-xdc-master/Basys-3-Master.xdc:68]
CRITICAL WARNING: [Common 17-55] 'set_property' expects at least one object. [C:/Users/joemo/Downloads/digilent-xdc-master/digilent-xdc-master/Basys-3-Master.xdc:68]
Resolution: If [get_<value>] was used to populate the object, check to make sure this command returns at least one valid object.
WARNING: [Vivado 12-584] No ports matched 'led[11]'. [C:/Users/joemo/Downloads/digilent-xdc-master/digilent-xdc-master/Basys-3-Master.xdc:69]
CRITICAL WARNING: [Common 17-55] 'set_property' expects at least one object. [C:/Users/joemo/Downloads/digilent-xdc-master/digilent-xdc-master/Basys-3-Master.xdc:69]
Resolution: If [get_<value>] was used to populate the object, check to make sure this command returns at least one valid object.
WARNING: [Vivado 12-584] No ports matched 'led[11]'. [C:/Users/joemo/Downloads/digilent-xdc-master/digilent-xdc-master/Basys-3-Master.xdc:70]
CRITICAL WARNING: [Common 17-55] 'set_property' expects at least one object. [C:/Users/joemo/Downloads/digilent-xdc-master/digilent-xdc-master/Basys-3-Master.xdc:70]
Resolution: If [get_<value>] was used to populate the object, check to make sure this command returns at least one valid object.
WARNING: [Vivado 12-584] No ports matched 'led[12]'. [C:/Users/joemo/Downloads/digilent-xdc-master/digilent-xdc-master/Basys-3-Master.xdc:71]
CRITICAL WARNING: [Common 17-55] 'set_property' expects at least one object. [C:/Users/joemo/Downloads/digilent-xdc-master/digilent-xdc-master/Basys-3-Master.xdc:71]
Resolution: If [get_<value>] was used to populate the object, check to make sure this command returns at least one valid object.
WARNING: [Vivado 12-584] No ports matched 'led[12]'. [C:/Users/joemo/Downloads/digilent-xdc-master/digilent-xdc-master/Basys-3-Master.xdc:72]
CRITICAL WARNING: [Common 17-55] 'set_property' expects at least one object. [C:/Users/joemo/Downloads/digilent-xdc-master/digilent-xdc-master/Basys-3-Master.xdc:72]
Resolution: If [get_<value>] was used to populate the object, check to make sure this command returns at least one valid object.
WARNING: [Vivado 12-584] No ports matched 'led[13]'. [C:/Users/joemo/Downloads/digilent-xdc-master/digilent-xdc-master/Basys-3-Master.xdc:73]
CRITICAL WARNING: [Common 17-55] 'set_property' expects at least one object. [C:/Users/joemo/Downloads/digilent-xdc-master/digilent-xdc-master/Basys-3-Master.xdc:73]
Resolution: If [get_<value>] was used to populate the object, check to make sure this command returns at least one valid object.
WARNING: [Vivado 12-584] No ports matched 'led[13]'. [C:/Users/joemo/Downloads/digilent-xdc-master/digilent-xdc-master/Basys-3-Master.xdc:74]
CRITICAL WARNING: [Common 17-55] 'set_property' expects at least one object. [C:/Users/joemo/Downloads/digilent-xdc-master/digilent-xdc-master/Basys-3-Master.xdc:74]
Resolution: If [get_<value>] was used to populate the object, check to make sure this command returns at least one valid object.
WARNING: [Vivado 12-584] No ports matched 'led[14]'. [C:/Users/joemo/Downloads/digilent-xdc-master/digilent-xdc-master/Basys-3-Master.xdc:75]
CRITICAL WARNING: [Common 17-55] 'set_property' expects at least one object. [C:/Users/joemo/Downloads/digilent-xdc-master/digilent-xdc-master/Basys-3-Master.xdc:75]
Resolution: If [get_<value>] was used to populate the object, check to make sure this command returns at least one valid object.
WARNING: [Vivado 12-584] No ports matched 'led[14]'. [C:/Users/joemo/Downloads/digilent-xdc-master/digilent-xdc-master/Basys-3-Master.xdc:76]
CRITICAL WARNING: [Common 17-55] 'set_property' expects at least one object. [C:/Users/joemo/Downloads/digilent-xdc-master/digilent-xdc-master/Basys-3-Master.xdc:76]
Resolution: If [get_<value>] was used to populate the object, check to make sure this command returns at least one valid object.
WARNING: [Vivado 12-584] No ports matched 'led[15]'. [C:/Users/joemo/Downloads/digilent-xdc-master/digilent-xdc-master/Basys-3-Master.xdc:77]
CRITICAL WARNING: [Common 17-55] 'set_property' expects at least one object. [C:/Users/joemo/Downloads/digilent-xdc-master/digilent-xdc-master/Basys-3-Master.xdc:77]
Resolution: If [get_<value>] was used to populate the object, check to make sure this command returns at least one valid object.
WARNING: [Vivado 12-584] No ports matched 'led[15]'. [C:/Users/joemo/Downloads/digilent-xdc-master/digilent-xdc-master/Basys-3-Master.xdc:78]
CRITICAL WARNING: [Common 17-55] 'set_property' expects at least one object. [C:/Users/joemo/Downloads/digilent-xdc-master/digilent-xdc-master/Basys-3-Master.xdc:78]
Resolution: If [get_<value>] was used to populate the object, check to make sure this command returns at least one valid object.
WARNING: [Vivado 12-584] No ports matched 'btnC'. [C:/Users/joemo/Downloads/digilent-xdc-master/digilent-xdc-master/Basys-3-Master.xdc:111]
CRITICAL WARNING: [Common 17-55] 'set_property' expects at least one object. [C:/Users/joemo/Downloads/digilent-xdc-master/digilent-xdc-master/Basys-3-Master.xdc:111]
Resolution: If [get_<value>] was used to populate the object, check to make sure this command returns at least one valid object.
WARNING: [Vivado 12-584] No ports matched 'btnC'. [C:/Users/joemo/Downloads/digilent-xdc-master/digilent-xdc-master/Basys-3-Master.xdc:112]
CRITICAL WARNING: [Common 17-55] 'set_property' expects at least one object. [C:/Users/joemo/Downloads/digilent-xdc-master/digilent-xdc-master/Basys-3-Master.xdc:112]
Resolution: If [get_<value>] was used to populate the object, check to make sure this command returns at least one valid object.
WARNING: [Vivado 12-584] No ports matched 'btnU'. [C:/Users/joemo/Downloads/digilent-xdc-master/digilent-xdc-master/Basys-3-Master.xdc:113]
CRITICAL WARNING: [Common 17-55] 'set_property' expects at least one object. [C:/Users/joemo/Downloads/digilent-xdc-master/digilent-xdc-master/Basys-3-Master.xdc:113]
Resolution: If [get_<value>] was used to populate the object, check to make sure this command returns at least one valid object.
WARNING: [Vivado 12-584] No ports matched 'btnU'. [C:/Users/joemo/Downloads/digilent-xdc-master/digilent-xdc-master/Basys-3-Master.xdc:114]
CRITICAL WARNING: [Common 17-55] 'set_property' expects at least one object. [C:/Users/joemo/Downloads/digilent-xdc-master/digilent-xdc-master/Basys-3-Master.xdc:114]
Resolution: If [get_<value>] was used to populate the object, check to make sure this command returns at least one valid object.
WARNING: [Vivado 12-584] No ports matched 'btnL'. [C:/Users/joemo/Downloads/digilent-xdc-master/digilent-xdc-master/Basys-3-Master.xdc:115]
CRITICAL WARNING: [Common 17-55] 'set_property' expects at least one object. [C:/Users/joemo/Downloads/digilent-xdc-master/digilent-xdc-master/Basys-3-Master.xdc:115]
Resolution: If [get_<value>] was used to populate the object, check to make sure this command returns at least one valid object.
WARNING: [Vivado 12-584] No ports matched 'btnL'. [C:/Users/joemo/Downloads/digilent-xdc-master/digilent-xdc-master/Basys-3-Master.xdc:116]
CRITICAL WARNING: [Common 17-55] 'set_property' expects at least one object. [C:/Users/joemo/Downloads/digilent-xdc-master/digilent-xdc-master/Basys-3-Master.xdc:116]
Resolution: If [get_<value>] was used to populate the object, check to make sure this command returns at least one valid object.
WARNING: [Vivado 12-584] No ports matched 'btnD'. [C:/Users/joemo/Downloads/digilent-xdc-master/digilent-xdc-master/Basys-3-Master.xdc:119]
CRITICAL WARNING: [Common 17-55] 'set_property' expects at least one object. [C:/Users/joemo/Downloads/digilent-xdc-master/digilent-xdc-master/Basys-3-Master.xdc:119]
Resolution: If [get_<value>] was used to populate the object, check to make sure this command returns at least one valid object.
WARNING: [Vivado 12-584] No ports matched 'btnD'. [C:/Users/joemo/Downloads/digilent-xdc-master/digilent-xdc-master/Basys-3-Master.xdc:120]
CRITICAL WARNING: [Common 17-55] 'set_property' expects at least one object. [C:/Users/joemo/Downloads/digilent-xdc-master/digilent-xdc-master/Basys-3-Master.xdc:120]
Resolution: If [get_<value>] was used to populate the object, check to make sure this command returns at least one valid object.
WARNING: [Vivado 12-584] No ports matched 'JA[0]'. [C:/Users/joemo/Downloads/digilent-xdc-master/digilent-xdc-master/Basys-3-Master.xdc:126]
CRITICAL WARNING: [Common 17-55] 'set_property' expects at least one object. [C:/Users/joemo/Downloads/digilent-xdc-master/digilent-xdc-master/Basys-3-Master.xdc:126]
Resolution: If [get_<value>] was used to populate the object, check to make sure this command returns at least one valid object.
WARNING: [Vivado 12-584] No ports matched 'JA[0]'. [C:/Users/joemo/Downloads/digilent-xdc-master/digilent-xdc-master/Basys-3-Master.xdc:127]
CRITICAL WARNING: [Common 17-55] 'set_property' expects at least one object. [C:/Users/joemo/Downloads/digilent-xdc-master/digilent-xdc-master/Basys-3-Master.xdc:127]
Resolution: If [get_<value>] was used to populate the object, check to make sure this command returns at least one valid object.
WARNING: [Vivado 12-584] No ports matched 'JA[1]'. [C:/Users/joemo/Downloads/digilent-xdc-master/digilent-xdc-master/Basys-3-Master.xdc:129]
CRITICAL WARNING: [Common 17-55] 'set_property' expects at least one object. [C:/Users/joemo/Downloads/digilent-xdc-master/digilent-xdc-master/Basys-3-Master.xdc:129]
Resolution: If [get_<value>] was used to populate the object, check to make sure this command returns at least one valid object.
WARNING: [Vivado 12-584] No ports matched 'JA[1]'. [C:/Users/joemo/Downloads/digilent-xdc-master/digilent-xdc-master/Basys-3-Master.xdc:130]
CRITICAL WARNING: [Common 17-55] 'set_property' expects at least one object. [C:/Users/joemo/Downloads/digilent-xdc-master/digilent-xdc-master/Basys-3-Master.xdc:130]
Resolution: If [get_<value>] was used to populate the object, check to make sure this command returns at least one valid object.
WARNING: [Vivado 12-584] No ports matched 'JA[2]'. [C:/Users/joemo/Downloads/digilent-xdc-master/digilent-xdc-master/Basys-3-Master.xdc:132]
CRITICAL WARNING: [Common 17-55] 'set_property' expects at least one object. [C:/Users/joemo/Downloads/digilent-xdc-master/digilent-xdc-master/Basys-3-Master.xdc:132]
Resolution: If [get_<value>] was used to populate the object, check to make sure this command returns at least one valid object.
WARNING: [Vivado 12-584] No ports matched 'JA[2]'. [C:/Users/joemo/Downloads/digilent-xdc-master/digilent-xdc-master/Basys-3-Master.xdc:133]
CRITICAL WARNING: [Common 17-55] 'set_property' expects at least one object. [C:/Users/joemo/Downloads/digilent-xdc-master/digilent-xdc-master/Basys-3-Master.xdc:133]
Resolution: If [get_<value>] was used to populate the object, check to make sure this command returns at least one valid object.
WARNING: [Vivado 12-584] No ports matched 'JA[3]'. [C:/Users/joemo/Downloads/digilent-xdc-master/digilent-xdc-master/Basys-3-Master.xdc:135]
CRITICAL WARNING: [Common 17-55] 'set_property' expects at least one object. [C:/Users/joemo/Downloads/digilent-xdc-master/digilent-xdc-master/Basys-3-Master.xdc:135]
Resolution: If [get_<value>] was used to populate the object, check to make sure this command returns at least one valid object.
WARNING: [Vivado 12-584] No ports matched 'JA[3]'. [C:/Users/joemo/Downloads/digilent-xdc-master/digilent-xdc-master/Basys-3-Master.xdc:136]
CRITICAL WARNING: [Common 17-55] 'set_property' expects at least one object. [C:/Users/joemo/Downloads/digilent-xdc-master/digilent-xdc-master/Basys-3-Master.xdc:136]
Resolution: If [get_<value>] was used to populate the object, check to make sure this command returns at least one valid object.
WARNING: [Vivado 12-584] No ports matched 'JA[4]'. [C:/Users/joemo/Downloads/digilent-xdc-master/digilent-xdc-master/Basys-3-Master.xdc:138]
CRITICAL WARNING: [Common 17-55] 'set_property' expects at least one object. [C:/Users/joemo/Downloads/digilent-xdc-master/digilent-xdc-master/Basys-3-Master.xdc:138]
Resolution: If [get_<value>] was used to populate the object, check to make sure this command returns at least one valid object.
WARNING: [Vivado 12-584] No ports matched 'JA[4]'. [C:/Users/joemo/Downloads/digilent-xdc-master/digilent-xdc-master/Basys-3-Master.xdc:139]
CRITICAL WARNING: [Common 17-55] 'set_property' expects at least one object. [C:/Users/joemo/Downloads/digilent-xdc-master/digilent-xdc-master/Basys-3-Master.xdc:139]
Resolution: If [get_<value>] was used to populate the object, check to make sure this command returns at least one valid object.
WARNING: [Vivado 12-584] No ports matched 'JA[5]'. [C:/Users/joemo/Downloads/digilent-xdc-master/digilent-xdc-master/Basys-3-Master.xdc:141]
CRITICAL WARNING: [Common 17-55] 'set_property' expects at least one object. [C:/Users/joemo/Downloads/digilent-xdc-master/digilent-xdc-master/Basys-3-Master.xdc:141]
Resolution: If [get_<value>] was used to populate the object, check to make sure this command returns at least one valid object.
WARNING: [Vivado 12-584] No ports matched 'JA[5]'. [C:/Users/joemo/Downloads/digilent-xdc-master/digilent-xdc-master/Basys-3-Master.xdc:142]
CRITICAL WARNING: [Common 17-55] 'set_property' expects at least one object. [C:/Users/joemo/Downloads/digilent-xdc-master/digilent-xdc-master/Basys-3-Master.xdc:142]
Resolution: If [get_<value>] was used to populate the object, check to make sure this command returns at least one valid object.
WARNING: [Vivado 12-584] No ports matched 'JA[6]'. [C:/Users/joemo/Downloads/digilent-xdc-master/digilent-xdc-master/Basys-3-Master.xdc:144]
CRITICAL WARNING: [Common 17-55] 'set_property' expects at least one object. [C:/Users/joemo/Downloads/digilent-xdc-master/digilent-xdc-master/Basys-3-Master.xdc:144]
Resolution: If [get_<value>] was used to populate the object, check to make sure this command returns at least one valid object.
WARNING: [Vivado 12-584] No ports matched 'JA[6]'. [C:/Users/joemo/Downloads/digilent-xdc-master/digilent-xdc-master/Basys-3-Master.xdc:145]
CRITICAL WARNING: [Common 17-55] 'set_property' expects at least one object. [C:/Users/joemo/Downloads/digilent-xdc-master/digilent-xdc-master/Basys-3-Master.xdc:145]
Resolution: If [get_<value>] was used to populate the object, check to make sure this command returns at least one valid object.
WARNING: [Vivado 12-584] No ports matched 'JA[7]'. [C:/Users/joemo/Downloads/digilent-xdc-master/digilent-xdc-master/Basys-3-Master.xdc:147]
CRITICAL WARNING: [Common 17-55] 'set_property' expects at least one object. [C:/Users/joemo/Downloads/digilent-xdc-master/digilent-xdc-master/Basys-3-Master.xdc:147]
Resolution: If [get_<value>] was used to populate the object, check to make sure this command returns at least one valid object.
WARNING: [Vivado 12-584] No ports matched 'JA[7]'. [C:/Users/joemo/Downloads/digilent-xdc-master/digilent-xdc-master/Basys-3-Master.xdc:148]
CRITICAL WARNING: [Common 17-55] 'set_property' expects at least one object. [C:/Users/joemo/Downloads/digilent-xdc-master/digilent-xdc-master/Basys-3-Master.xdc:148]
Resolution: If [get_<value>] was used to populate the object, check to make sure this command returns at least one valid object.
WARNING: [Vivado 12-584] No ports matched 'JXADC[0]'. [C:/Users/joemo/Downloads/digilent-xdc-master/digilent-xdc-master/Basys-3-Master.xdc:209]
CRITICAL WARNING: [Common 17-55] 'set_property' expects at least one object. [C:/Users/joemo/Downloads/digilent-xdc-master/digilent-xdc-master/Basys-3-Master.xdc:209]
Resolution: If [get_<value>] was used to populate the object, check to make sure this command returns at least one valid object.
WARNING: [Vivado 12-584] No ports matched 'JXADC[0]'. [C:/Users/joemo/Downloads/digilent-xdc-master/digilent-xdc-master/Basys-3-Master.xdc:210]
CRITICAL WARNING: [Common 17-55] 'set_property' expects at least one object. [C:/Users/joemo/Downloads/digilent-xdc-master/digilent-xdc-master/Basys-3-Master.xdc:210]
Resolution: If [get_<value>] was used to populate the object, check to make sure this command returns at least one valid object.
WARNING: [Vivado 12-584] No ports matched 'JXADC[1]'. [C:/Users/joemo/Downloads/digilent-xdc-master/digilent-xdc-master/Basys-3-Master.xdc:212]
CRITICAL WARNING: [Common 17-55] 'set_property' expects at least one object. [C:/Users/joemo/Downloads/digilent-xdc-master/digilent-xdc-master/Basys-3-Master.xdc:212]
Resolution: If [get_<value>] was used to populate the object, check to make sure this command returns at least one valid object.
WARNING: [Vivado 12-584] No ports matched 'JXADC[1]'. [C:/Users/joemo/Downloads/digilent-xdc-master/digilent-xdc-master/Basys-3-Master.xdc:213]
CRITICAL WARNING: [Common 17-55] 'set_property' expects at least one object. [C:/Users/joemo/Downloads/digilent-xdc-master/digilent-xdc-master/Basys-3-Master.xdc:213]
Resolution: If [get_<value>] was used to populate the object, check to make sure this command returns at least one valid object.
WARNING: [Vivado 12-584] No ports matched 'JXADC[2]'. [C:/Users/joemo/Downloads/digilent-xdc-master/digilent-xdc-master/Basys-3-Master.xdc:215]
CRITICAL WARNING: [Common 17-55] 'set_property' expects at least one object. [C:/Users/joemo/Downloads/digilent-xdc-master/digilent-xdc-master/Basys-3-Master.xdc:215]
Resolution: If [get_<value>] was used to populate the object, check to make sure this command returns at least one valid object.
WARNING: [Vivado 12-584] No ports matched 'JXADC[2]'. [C:/Users/joemo/Downloads/digilent-xdc-master/digilent-xdc-master/Basys-3-Master.xdc:216]
CRITICAL WARNING: [Common 17-55] 'set_property' expects at least one object. [C:/Users/joemo/Downloads/digilent-xdc-master/digilent-xdc-master/Basys-3-Master.xdc:216]
Resolution: If [get_<value>] was used to populate the object, check to make sure this command returns at least one valid object.
WARNING: [Vivado 12-584] No ports matched 'JXADC[3]'. [C:/Users/joemo/Downloads/digilent-xdc-master/digilent-xdc-master/Basys-3-Master.xdc:218]
CRITICAL WARNING: [Common 17-55] 'set_property' expects at least one object. [C:/Users/joemo/Downloads/digilent-xdc-master/digilent-xdc-master/Basys-3-Master.xdc:218]
Resolution: If [get_<value>] was used to populate the object, check to make sure this command returns at least one valid object.
WARNING: [Vivado 12-584] No ports matched 'JXADC[3]'. [C:/Users/joemo/Downloads/digilent-xdc-master/digilent-xdc-master/Basys-3-Master.xdc:219]
CRITICAL WARNING: [Common 17-55] 'set_property' expects at least one object. [C:/Users/joemo/Downloads/digilent-xdc-master/digilent-xdc-master/Basys-3-Master.xdc:219]
Resolution: If [get_<value>] was used to populate the object, check to make sure this command returns at least one valid object.
WARNING: [Vivado 12-584] No ports matched 'JXADC[4]'. [C:/Users/joemo/Downloads/digilent-xdc-master/digilent-xdc-master/Basys-3-Master.xdc:221]
CRITICAL WARNING: [Common 17-55] 'set_property' expects at least one object. [C:/Users/joemo/Downloads/digilent-xdc-master/digilent-xdc-master/Basys-3-Master.xdc:221]
Resolution: If [get_<value>] was used to populate the object, check to make sure this command returns at least one valid object.
WARNING: [Vivado 12-584] No ports matched 'JXADC[4]'. [C:/Users/joemo/Downloads/digilent-xdc-master/digilent-xdc-master/Basys-3-Master.xdc:222]
CRITICAL WARNING: [Common 17-55] 'set_property' expects at least one object. [C:/Users/joemo/Downloads/digilent-xdc-master/digilent-xdc-master/Basys-3-Master.xdc:222]
Resolution: If [get_<value>] was used to populate the object, check to make sure this command returns at least one valid object.
WARNING: [Vivado 12-584] No ports matched 'JXADC[5]'. [C:/Users/joemo/Downloads/digilent-xdc-master/digilent-xdc-master/Basys-3-Master.xdc:224]
CRITICAL WARNING: [Common 17-55] 'set_property' expects at least one object. [C:/Users/joemo/Downloads/digilent-xdc-master/digilent-xdc-master/Basys-3-Master.xdc:224]
Resolution: If [get_<value>] was used to populate the object, check to make sure this command returns at least one valid object.
WARNING: [Vivado 12-584] No ports matched 'JXADC[5]'. [C:/Users/joemo/Downloads/digilent-xdc-master/digilent-xdc-master/Basys-3-Master.xdc:225]
CRITICAL WARNING: [Common 17-55] 'set_property' expects at least one object. [C:/Users/joemo/Downloads/digilent-xdc-master/digilent-xdc-master/Basys-3-Master.xdc:225]
Resolution: If [get_<value>] was used to populate the object, check to make sure this command returns at least one valid object.
WARNING: [Vivado 12-584] No ports matched 'JXADC[6]'. [C:/Users/joemo/Downloads/digilent-xdc-master/digilent-xdc-master/Basys-3-Master.xdc:227]
CRITICAL WARNING: [Common 17-55] 'set_property' expects at least one object. [C:/Users/joemo/Downloads/digilent-xdc-master/digilent-xdc-master/Basys-3-Master.xdc:227]
Resolution: If [get_<value>] was used to populate the object, check to make sure this command returns at least one valid object.
WARNING: [Vivado 12-584] No ports matched 'JXADC[6]'. [C:/Users/joemo/Downloads/digilent-xdc-master/digilent-xdc-master/Basys-3-Master.xdc:228]
CRITICAL WARNING: [Common 17-55] 'set_property' expects at least one object. [C:/Users/joemo/Downloads/digilent-xdc-master/digilent-xdc-master/Basys-3-Master.xdc:228]
Resolution: If [get_<value>] was used to populate the object, check to make sure this command returns at least one valid object.
WARNING: [Vivado 12-584] No ports matched 'JXADC[7]'. [C:/Users/joemo/Downloads/digilent-xdc-master/digilent-xdc-master/Basys-3-Master.xdc:230]
CRITICAL WARNING: [Common 17-55] 'set_property' expects at least one object. [C:/Users/joemo/Downloads/digilent-xdc-master/digilent-xdc-master/Basys-3-Master.xdc:230]
Resolution: If [get_<value>] was used to populate the object, check to make sure this command returns at least one valid object.
WARNING: [Vivado 12-584] No ports matched 'JXADC[7]'. [C:/Users/joemo/Downloads/digilent-xdc-master/digilent-xdc-master/Basys-3-Master.xdc:231]
CRITICAL WARNING: [Common 17-55] 'set_property' expects at least one object. [C:/Users/joemo/Downloads/digilent-xdc-master/digilent-xdc-master/Basys-3-Master.xdc:231]
Resolution: If [get_<value>] was used to populate the object, check to make sure this command returns at least one valid object.
WARNING: [Vivado 12-584] No ports matched 'vgaRed[0]'. [C:/Users/joemo/Downloads/digilent-xdc-master/digilent-xdc-master/Basys-3-Master.xdc:236]
CRITICAL WARNING: [Common 17-55] 'set_property' expects at least one object. [C:/Users/joemo/Downloads/digilent-xdc-master/digilent-xdc-master/Basys-3-Master.xdc:236]
Resolution: If [get_<value>] was used to populate the object, check to make sure this command returns at least one valid object.
WARNING: [Vivado 12-584] No ports matched 'vgaRed[0]'. [C:/Users/joemo/Downloads/digilent-xdc-master/digilent-xdc-master/Basys-3-Master.xdc:237]
CRITICAL WARNING: [Common 17-55] 'set_property' expects at least one object. [C:/Users/joemo/Downloads/digilent-xdc-master/digilent-xdc-master/Basys-3-Master.xdc:237]
Resolution: If [get_<value>] was used to populate the object, check to make sure this command returns at least one valid object.
WARNING: [Vivado 12-584] No ports matched 'vgaRed[1]'. [C:/Users/joemo/Downloads/digilent-xdc-master/digilent-xdc-master/Basys-3-Master.xdc:238]
CRITICAL WARNING: [Common 17-55] 'set_property' expects at least one object. [C:/Users/joemo/Downloads/digilent-xdc-master/digilent-xdc-master/Basys-3-Master.xdc:238]
Resolution: If [get_<value>] was used to populate the object, check to make sure this command returns at least one valid object.
WARNING: [Vivado 12-584] No ports matched 'vgaRed[1]'. [C:/Users/joemo/Downloads/digilent-xdc-master/digilent-xdc-master/Basys-3-Master.xdc:239]
CRITICAL WARNING: [Common 17-55] 'set_property' expects at least one object. [C:/Users/joemo/Downloads/digilent-xdc-master/digilent-xdc-master/Basys-3-Master.xdc:239]
Resolution: If [get_<value>] was used to populate the object, check to make sure this command returns at least one valid object.
WARNING: [Vivado 12-584] No ports matched 'vgaRed[2]'. [C:/Users/joemo/Downloads/digilent-xdc-master/digilent-xdc-master/Basys-3-Master.xdc:240]
CRITICAL WARNING: [Common 17-55] 'set_property' expects at least one object. [C:/Users/joemo/Downloads/digilent-xdc-master/digilent-xdc-master/Basys-3-Master.xdc:240]
Resolution: If [get_<value>] was used to populate the object, check to make sure this command returns at least one valid object.
WARNING: [Vivado 12-584] No ports matched 'vgaRed[2]'. [C:/Users/joemo/Downloads/digilent-xdc-master/digilent-xdc-master/Basys-3-Master.xdc:241]
CRITICAL WARNING: [Common 17-55] 'set_property' expects at least one object. [C:/Users/joemo/Downloads/digilent-xdc-master/digilent-xdc-master/Basys-3-Master.xdc:241]
Resolution: If [get_<value>] was used to populate the object, check to make sure this command returns at least one valid object.
WARNING: [Vivado 12-584] No ports matched 'vgaRed[3]'. [C:/Users/joemo/Downloads/digilent-xdc-master/digilent-xdc-master/Basys-3-Master.xdc:242]
CRITICAL WARNING: [Common 17-55] 'set_property' expects at least one object. [C:/Users/joemo/Downloads/digilent-xdc-master/digilent-xdc-master/Basys-3-Master.xdc:242]
Resolution: If [get_<value>] was used to populate the object, check to make sure this command returns at least one valid object.
WARNING: [Vivado 12-584] No ports matched 'vgaRed[3]'. [C:/Users/joemo/Downloads/digilent-xdc-master/digilent-xdc-master/Basys-3-Master.xdc:243]
CRITICAL WARNING: [Common 17-55] 'set_property' expects at least one object. [C:/Users/joemo/Downloads/digilent-xdc-master/digilent-xdc-master/Basys-3-Master.xdc:243]
Resolution: If [get_<value>] was used to populate the object, check to make sure this command returns at least one valid object.
WARNING: [Vivado 12-584] No ports matched 'vgaBlue[0]'. [C:/Users/joemo/Downloads/digilent-xdc-master/digilent-xdc-master/Basys-3-Master.xdc:244]
CRITICAL WARNING: [Common 17-55] 'set_property' expects at least one object. [C:/Users/joemo/Downloads/digilent-xdc-master/digilent-xdc-master/Basys-3-Master.xdc:244]
Resolution: If [get_<value>] was used to populate the object, check to make sure this command returns at least one valid object.
WARNING: [Vivado 12-584] No ports matched 'vgaBlue[0]'. [C:/Users/joemo/Downloads/digilent-xdc-master/digilent-xdc-master/Basys-3-Master.xdc:245]
CRITICAL WARNING: [Common 17-55] 'set_property' expects at least one object. [C:/Users/joemo/Downloads/digilent-xdc-master/digilent-xdc-master/Basys-3-Master.xdc:245]
Resolution: If [get_<value>] was used to populate the object, check to make sure this command returns at least one valid object.
WARNING: [Vivado 12-584] No ports matched 'vgaBlue[1]'. [C:/Users/joemo/Downloads/digilent-xdc-master/digilent-xdc-master/Basys-3-Master.xdc:246]
CRITICAL WARNING: [Common 17-55] 'set_property' expects at least one object. [C:/Users/joemo/Downloads/digilent-xdc-master/digilent-xdc-master/Basys-3-Master.xdc:246]
Resolution: If [get_<value>] was used to populate the object, check to make sure this command returns at least one valid object.
WARNING: [Vivado 12-584] No ports matched 'vgaBlue[1]'. [C:/Users/joemo/Downloads/digilent-xdc-master/digilent-xdc-master/Basys-3-Master.xdc:247]
CRITICAL WARNING: [Common 17-55] 'set_property' expects at least one object. [C:/Users/joemo/Downloads/digilent-xdc-master/digilent-xdc-master/Basys-3-Master.xdc:247]
Resolution: If [get_<value>] was used to populate the object, check to make sure this command returns at least one valid object.
WARNING: [Vivado 12-584] No ports matched 'vgaBlue[2]'. [C:/Users/joemo/Downloads/digilent-xdc-master/digilent-xdc-master/Basys-3-Master.xdc:248]
CRITICAL WARNING: [Common 17-55] 'set_property' expects at least one object. [C:/Users/joemo/Downloads/digilent-xdc-master/digilent-xdc-master/Basys-3-Master.xdc:248]
Resolution: If [get_<value>] was used to populate the object, check to make sure this command returns at least one valid object.
WARNING: [Vivado 12-584] No ports matched 'vgaBlue[2]'. [C:/Users/joemo/Downloads/digilent-xdc-master/digilent-xdc-master/Basys-3-Master.xdc:249]
CRITICAL WARNING: [Common 17-55] 'set_property' expects at least one object. [C:/Users/joemo/Downloads/digilent-xdc-master/digilent-xdc-master/Basys-3-Master.xdc:249]
Resolution: If [get_<value>] was used to populate the object, check to make sure this command returns at least one valid object.
WARNING: [Vivado 12-584] No ports matched 'vgaBlue[3]'. [C:/Users/joemo/Downloads/digilent-xdc-master/digilent-xdc-master/Basys-3-Master.xdc:250]
CRITICAL WARNING: [Common 17-55] 'set_property' expects at least one object. [C:/Users/joemo/Downloads/digilent-xdc-master/digilent-xdc-master/Basys-3-Master.xdc:250]
Resolution: If [get_<value>] was used to populate the object, check to make sure this command returns at least one valid object.
WARNING: [Vivado 12-584] No ports matched 'vgaBlue[3]'. [C:/Users/joemo/Downloads/digilent-xdc-master/digilent-xdc-master/Basys-3-Master.xdc:251]
CRITICAL WARNING: [Common 17-55] 'set_property' expects at least one object. [C:/Users/joemo/Downloads/digilent-xdc-master/digilent-xdc-master/Basys-3-Master.xdc:251]
Resolution: If [get_<value>] was used to populate the object, check to make sure this command returns at least one valid object.
WARNING: [Vivado 12-584] No ports matched 'vgaGreen[0]'. [C:/Users/joemo/Downloads/digilent-xdc-master/digilent-xdc-master/Basys-3-Master.xdc:252]
CRITICAL WARNING: [Common 17-55] 'set_property' expects at least one object. [C:/Users/joemo/Downloads/digilent-xdc-master/digilent-xdc-master/Basys-3-Master.xdc:252]
Resolution: If [get_<value>] was used to populate the object, check to make sure this command returns at least one valid object.
WARNING: [Vivado 12-584] No ports matched 'vgaGreen[0]'. [C:/Users/joemo/Downloads/digilent-xdc-master/digilent-xdc-master/Basys-3-Master.xdc:253]
CRITICAL WARNING: [Common 17-55] 'set_property' expects at least one object. [C:/Users/joemo/Downloads/digilent-xdc-master/digilent-xdc-master/Basys-3-Master.xdc:253]
Resolution: If [get_<value>] was used to populate the object, check to make sure this command returns at least one valid object.
WARNING: [Vivado 12-584] No ports matched 'vgaGreen[1]'. [C:/Users/joemo/Downloads/digilent-xdc-master/digilent-xdc-master/Basys-3-Master.xdc:254]
CRITICAL WARNING: [Common 17-55] 'set_property' expects at least one object. [C:/Users/joemo/Downloads/digilent-xdc-master/digilent-xdc-master/Basys-3-Master.xdc:254]
Resolution: If [get_<value>] was used to populate the object, check to make sure this command returns at least one valid object.
WARNING: [Vivado 12-584] No ports matched 'vgaGreen[1]'. [C:/Users/joemo/Downloads/digilent-xdc-master/digilent-xdc-master/Basys-3-Master.xdc:255]
CRITICAL WARNING: [Common 17-55] 'set_property' expects at least one object. [C:/Users/joemo/Downloads/digilent-xdc-master/digilent-xdc-master/Basys-3-Master.xdc:255]
Resolution: If [get_<value>] was used to populate the object, check to make sure this command returns at least one valid object.
WARNING: [Vivado 12-584] No ports matched 'vgaGreen[2]'. [C:/Users/joemo/Downloads/digilent-xdc-master/digilent-xdc-master/Basys-3-Master.xdc:256]
CRITICAL WARNING: [Common 17-55] 'set_property' expects at least one object. [C:/Users/joemo/Downloads/digilent-xdc-master/digilent-xdc-master/Basys-3-Master.xdc:256]
Resolution: If [get_<value>] was used to populate the object, check to make sure this command returns at least one valid object.
WARNING: [Vivado 12-584] No ports matched 'vgaGreen[2]'. [C:/Users/joemo/Downloads/digilent-xdc-master/digilent-xdc-master/Basys-3-Master.xdc:257]
CRITICAL WARNING: [Common 17-55] 'set_property' expects at least one object. [C:/Users/joemo/Downloads/digilent-xdc-master/digilent-xdc-master/Basys-3-Master.xdc:257]
Resolution: If [get_<value>] was used to populate the object, check to make sure this command returns at least one valid object.
WARNING: [Vivado 12-584] No ports matched 'vgaGreen[3]'. [C:/Users/joemo/Downloads/digilent-xdc-master/digilent-xdc-master/Basys-3-Master.xdc:258]
CRITICAL WARNING: [Common 17-55] 'set_property' expects at least one object. [C:/Users/joemo/Downloads/digilent-xdc-master/digilent-xdc-master/Basys-3-Master.xdc:258]
Resolution: If [get_<value>] was used to populate the object, check to make sure this command returns at least one valid object.
WARNING: [Vivado 12-584] No ports matched 'vgaGreen[3]'. [C:/Users/joemo/Downloads/digilent-xdc-master/digilent-xdc-master/Basys-3-Master.xdc:259]
CRITICAL WARNING: [Common 17-55] 'set_property' expects at least one object. [C:/Users/joemo/Downloads/digilent-xdc-master/digilent-xdc-master/Basys-3-Master.xdc:259]
Resolution: If [get_<value>] was used to populate the object, check to make sure this command returns at least one valid object.
WARNING: [Vivado 12-584] No ports matched 'Hsync'. [C:/Users/joemo/Downloads/digilent-xdc-master/digilent-xdc-master/Basys-3-Master.xdc:260]
CRITICAL WARNING: [Common 17-55] 'set_property' expects at least one object. [C:/Users/joemo/Downloads/digilent-xdc-master/digilent-xdc-master/Basys-3-Master.xdc:260]
Resolution: If [get_<value>] was used to populate the object, check to make sure this command returns at least one valid object.
WARNING: [Vivado 12-584] No ports matched 'Hsync'. [C:/Users/joemo/Downloads/digilent-xdc-master/digilent-xdc-master/Basys-3-Master.xdc:261]
CRITICAL WARNING: [Common 17-55] 'set_property' expects at least one object. [C:/Users/joemo/Downloads/digilent-xdc-master/digilent-xdc-master/Basys-3-Master.xdc:261]
Resolution: If [get_<value>] was used to populate the object, check to make sure this command returns at least one valid object.
WARNING: [Vivado 12-584] No ports matched 'Vsync'. [C:/Users/joemo/Downloads/digilent-xdc-master/digilent-xdc-master/Basys-3-Master.xdc:262]
CRITICAL WARNING: [Common 17-55] 'set_property' expects at least one object. [C:/Users/joemo/Downloads/digilent-xdc-master/digilent-xdc-master/Basys-3-Master.xdc:262]
Resolution: If [get_<value>] was used to populate the object, check to make sure this command returns at least one valid object.
WARNING: [Vivado 12-584] No ports matched 'Vsync'. [C:/Users/joemo/Downloads/digilent-xdc-master/digilent-xdc-master/Basys-3-Master.xdc:263]
INFO: [Common 17-14] Message 'Vivado 12-584' appears 100 times and further instances of the messages will be disabled. Use the Tcl command set_msg_config to change the current settings. [C:/Users/joemo/Downloads/digilent-xdc-master/digilent-xdc-master/Basys-3-Master.xdc:263]
CRITICAL WARNING: [Common 17-55] 'set_property' expects at least one object. [C:/Users/joemo/Downloads/digilent-xdc-master/digilent-xdc-master/Basys-3-Master.xdc:263]
Resolution: If [get_<value>] was used to populate the object, check to make sure this command returns at least one valid object.
Finished Parsing XDC File [C:/Users/joemo/Downloads/digilent-xdc-master/digilent-xdc-master/Basys-3-Master.xdc]
INFO: [Project 1-236] Implementation specific constraints were found while reading constraint file [C:/Users/joemo/Downloads/digilent-xdc-master/digilent-xdc-master/Basys-3-Master.xdc]. These constraints will be ignored for synthesis but will be used in implementation. Impacted constraints are listed in the file [.Xil/Top_propImpl.xdc].
Resolution: To avoid this warning, move constraints listed in [.Xil/Top_propImpl.xdc] to another XDC file and exclude this new file from synthesis with the used_in_synthesis property (File Properties dialog in GUI) and re-run elaboration/synthesis.
Completed Processing XDC Constraints

Netlist sorting complete. Time (s): cpu = 00:00:00 ; elapsed = 00:00:00.001 . Memory (MB): peak = 886.109 ; gain = 0.000
INFO: [Project 1-111] Unisim Transformation Summary:
No Unisim elements were transformed.

Constraint Validation Runtime : Time (s): cpu = 00:00:00 ; elapsed = 00:00:00.005 . Memory (MB): peak = 886.109 ; gain = 0.000
---------------------------------------------------------------------------------
Finished Constraint Validation : Time (s): cpu = 00:00:13 ; elapsed = 00:00:14 . Memory (MB): peak = 886.109 ; gain = 363.121
---------------------------------------------------------------------------------
---------------------------------------------------------------------------------
Start Loading Part and Timing Information
---------------------------------------------------------------------------------
Loading part: xc7a35tcpg236-1
---------------------------------------------------------------------------------
Finished Loading Part and Timing Information : Time (s): cpu = 00:00:13 ; elapsed = 00:00:14 . Memory (MB): peak = 886.109 ; gain = 363.121
---------------------------------------------------------------------------------
---------------------------------------------------------------------------------
Start Applying 'set_property' XDC Constraints
---------------------------------------------------------------------------------
---------------------------------------------------------------------------------
Finished applying 'set_property' XDC Constraints : Time (s): cpu = 00:00:13 ; elapsed = 00:00:14 . Memory (MB): peak = 886.109 ; gain = 363.121
---------------------------------------------------------------------------------
INFO: [Synth 8-802] inferred FSM for state register 'state_reg' in module 'UART_Transmiter'
INFO: [Synth 8-802] inferred FSM for state register 'state_reg' in module 'UART_Receiver'
---------------------------------------------------------------------------------------------------
                   State |                     New Encoding |                Previous Encoding 
---------------------------------------------------------------------------------------------------
                    idle |                              001 |                               00
                   ready |                              010 |                               01
                transmit |                              100 |                               10
---------------------------------------------------------------------------------------------------
INFO: [Synth 8-3354] encoded FSM with state register 'state_reg' using encoding 'one-hot' in module 'UART_Transmiter'
---------------------------------------------------------------------------------------------------
                   State |                     New Encoding |                Previous Encoding 
---------------------------------------------------------------------------------------------------
                    idle |                               00 |                               00
                   ready |                               01 |                               01
                    read |                               10 |                               10
                    done |                               11 |                               11
---------------------------------------------------------------------------------------------------
INFO: [Synth 8-3354] encoded FSM with state register 'state_reg' using encoding 'sequential' in module 'UART_Receiver'
---------------------------------------------------------------------------------
Finished RTL Optimization Phase 2 : Time (s): cpu = 00:00:14 ; elapsed = 00:00:15 . Memory (MB): peak = 886.109 ; gain = 363.121
---------------------------------------------------------------------------------

Report RTL Partitions: 
+-+--------------+------------+----------+
| |RTL Partition |Replication |Instances |
+-+--------------+------------+----------+
+-+--------------+------------+----------+
---------------------------------------------------------------------------------
Start RTL Component Statistics 
---------------------------------------------------------------------------------
Detailed RTL Component Info : 
+---Adders : 
	   2 Input     16 Bit       Adders := 1     
	   2 Input     12 Bit       Adders := 1     
	   2 Input     10 Bit       Adders := 1     
	   2 Input      5 Bit       Adders := 1     
	   2 Input      4 Bit       Adders := 2     
+---Registers : 
	               16 Bit    Registers := 1     
	               12 Bit    Registers := 1     
	               10 Bit    Registers := 1     
	                8 Bit    Registers := 3     
	                5 Bit    Registers := 1     
	                4 Bit    Registers := 4     
	                1 Bit    Registers := 1     
+---Muxes : 
	   2 Input     12 Bit        Muxes := 1     
	   2 Input      8 Bit        Muxes := 2     
	   4 Input      8 Bit        Muxes := 1     
	   2 Input      5 Bit        Muxes := 2     
	   4 Input      5 Bit        Muxes := 1     
	   2 Input      4 Bit        Muxes := 3     
	   3 Input      3 Bit        Muxes := 1     
	   2 Input      3 Bit        Muxes := 1     
	   4 Input      2 Bit        Muxes := 1     
	   2 Input      2 Bit        Muxes := 3     
	   2 Input      1 Bit        Muxes := 2     
	   3 Input      1 Bit        Muxes := 3     
	   4 Input      1 Bit        Muxes := 4     
---------------------------------------------------------------------------------
Finished RTL Component Statistics 
---------------------------------------------------------------------------------
---------------------------------------------------------------------------------
Start RTL Hierarchical Component Statistics 
---------------------------------------------------------------------------------
Hierarchical RTL Component report 
Module UART_Transmiter 
Detailed RTL Component Info : 
+---Adders : 
	   2 Input     16 Bit       Adders := 1     
	   2 Input      4 Bit       Adders := 1     
+---Registers : 
	               16 Bit    Registers := 1     
	                8 Bit    Registers := 1     
	                4 Bit    Registers := 1     
+---Muxes : 
	   2 Input      4 Bit        Muxes := 1     
	   3 Input      3 Bit        Muxes := 1     
	   2 Input      3 Bit        Muxes := 1     
	   2 Input      1 Bit        Muxes := 1     
	   3 Input      1 Bit        Muxes := 3     
Module UART_Receiver 
Detailed RTL Component Info : 
+---Adders : 
	   2 Input     12 Bit       Adders := 1     
	   2 Input      5 Bit       Adders := 1     
	   2 Input      4 Bit       Adders := 1     
+---Registers : 
	               12 Bit    Registers := 1     
	                8 Bit    Registers := 2     
	                5 Bit    Registers := 1     
	                4 Bit    Registers := 1     
+---Muxes : 
	   2 Input     12 Bit        Muxes := 1     
	   2 Input      8 Bit        Muxes := 2     
	   4 Input      8 Bit        Muxes := 1     
	   2 Input      5 Bit        Muxes := 2     
	   4 Input      5 Bit        Muxes := 1     
	   2 Input      4 Bit        Muxes := 1     
	   4 Input      2 Bit        Muxes := 1     
	   2 Input      2 Bit        Muxes := 3     
	   2 Input      1 Bit        Muxes := 1     
	   4 Input      1 Bit        Muxes := 4     
Module SevenSegmentDisplays 
Detailed RTL Component Info : 
+---Adders : 
	   2 Input     10 Bit       Adders := 1     
+---Registers : 
	               10 Bit    Registers := 1     
	                4 Bit    Registers := 2     
	                1 Bit    Registers := 1     
+---Muxes : 
	   2 Input      4 Bit        Muxes := 1     
---------------------------------------------------------------------------------
Finished RTL Hierarchical Component Statistics
---------------------------------------------------------------------------------
---------------------------------------------------------------------------------
Start Part Resource Summary
---------------------------------------------------------------------------------
Part Resources:
DSPs: 90 (col length:60)
BRAMs: 100 (col length: RAMB18 60 RAMB36 30)
---------------------------------------------------------------------------------
Finished Part Resource Summary
---------------------------------------------------------------------------------
---------------------------------------------------------------------------------
Start Cross Boundary and Area Optimization
---------------------------------------------------------------------------------
Warning: Parallel synthesis criteria is not met 
WARNING: [Synth 8-3917] design Top has port dp driven by constant 1
WARNING: [Synth 8-3331] design Top has unconnected port JC[7]
WARNING: [Synth 8-3331] design Top has unconnected port JC[6]
WARNING: [Synth 8-3331] design Top has unconnected port JC[5]
WARNING: [Synth 8-3331] design Top has unconnected port JC[4]
WARNING: [Synth 8-3331] design Top has unconnected port JC[3]
WARNING: [Synth 8-3331] design Top has unconnected port JC[2]
WARNING: [Synth 8-3331] design Top has unconnected port JC[1]
INFO: [Synth 8-3886] merging instance 'display/an_reg[2]' (FDSE) to 'display/an_reg[3]'
INFO: [Synth 8-3333] propagating constant 1 across sequential element (\display/an_reg[3] )
---------------------------------------------------------------------------------
Finished Cross Boundary and Area Optimization : Time (s): cpu = 00:00:16 ; elapsed = 00:00:18 . Memory (MB): peak = 886.109 ; gain = 363.121
---------------------------------------------------------------------------------

Report RTL Partitions: 
+-+--------------+------------+----------+
| |RTL Partition |Replication |Instances |
+-+--------------+------------+----------+
+-+--------------+------------+----------+
---------------------------------------------------------------------------------
Start Applying XDC Timing Constraints
---------------------------------------------------------------------------------
---------------------------------------------------------------------------------
Finished Applying XDC Timing Constraints : Time (s): cpu = 00:00:26 ; elapsed = 00:00:28 . Memory (MB): peak = 886.109 ; gain = 363.121
---------------------------------------------------------------------------------
---------------------------------------------------------------------------------
Start Timing Optimization
---------------------------------------------------------------------------------
---------------------------------------------------------------------------------
Finished Timing Optimization : Time (s): cpu = 00:00:27 ; elapsed = 00:00:28 . Memory (MB): peak = 886.109 ; gain = 363.121
---------------------------------------------------------------------------------

Report RTL Partitions: 
+-+--------------+------------+----------+
| |RTL Partition |Replication |Instances |
+-+--------------+------------+----------+
+-+--------------+------------+----------+
---------------------------------------------------------------------------------
Start Technology Mapping
---------------------------------------------------------------------------------
---------------------------------------------------------------------------------
Finished Technology Mapping : Time (s): cpu = 00:00:27 ; elapsed = 00:00:28 . Memory (MB): peak = 886.109 ; gain = 363.121
---------------------------------------------------------------------------------

Report RTL Partitions: 
+-+--------------+------------+----------+
| |RTL Partition |Replication |Instances |
+-+--------------+------------+----------+
+-+--------------+------------+----------+
---------------------------------------------------------------------------------
Start IO Insertion
---------------------------------------------------------------------------------
---------------------------------------------------------------------------------
Start Flattening Before IO Insertion
---------------------------------------------------------------------------------
---------------------------------------------------------------------------------
Finished Flattening Before IO Insertion
---------------------------------------------------------------------------------
---------------------------------------------------------------------------------
Start Final Netlist Cleanup
---------------------------------------------------------------------------------
---------------------------------------------------------------------------------
Finished Final Netlist Cleanup
---------------------------------------------------------------------------------
---------------------------------------------------------------------------------
Finished IO Insertion : Time (s): cpu = 00:00:30 ; elapsed = 00:00:31 . Memory (MB): peak = 887.016 ; gain = 364.027
---------------------------------------------------------------------------------

Report Check Netlist: 
+------+------------------+-------+---------+-------+------------------+
|      |Item              |Errors |Warnings |Status |Description       |
+------+------------------+-------+---------+-------+------------------+
|1     |multi_driven_nets |      0|        0|Passed |Multi driven nets |
+------+------------------+-------+---------+-------+------------------+
---------------------------------------------------------------------------------
Start Renaming Generated Instances
---------------------------------------------------------------------------------
---------------------------------------------------------------------------------
Finished Renaming Generated Instances : Time (s): cpu = 00:00:30 ; elapsed = 00:00:31 . Memory (MB): peak = 887.016 ; gain = 364.027
---------------------------------------------------------------------------------

Report RTL Partitions: 
+-+--------------+------------+----------+
| |RTL Partition |Replication |Instances |
+-+--------------+------------+----------+
+-+--------------+------------+----------+
---------------------------------------------------------------------------------
Start Rebuilding User Hierarchy
---------------------------------------------------------------------------------
---------------------------------------------------------------------------------
Finished Rebuilding User Hierarchy : Time (s): cpu = 00:00:30 ; elapsed = 00:00:31 . Memory (MB): peak = 887.016 ; gain = 364.027
---------------------------------------------------------------------------------
---------------------------------------------------------------------------------
Start Renaming Generated Ports
---------------------------------------------------------------------------------
---------------------------------------------------------------------------------
Finished Renaming Generated Ports : Time (s): cpu = 00:00:30 ; elapsed = 00:00:31 . Memory (MB): peak = 887.016 ; gain = 364.027
---------------------------------------------------------------------------------
---------------------------------------------------------------------------------
Start Handling Custom Attributes
---------------------------------------------------------------------------------
---------------------------------------------------------------------------------
Finished Handling Custom Attributes : Time (s): cpu = 00:00:30 ; elapsed = 00:00:31 . Memory (MB): peak = 887.016 ; gain = 364.027
---------------------------------------------------------------------------------
---------------------------------------------------------------------------------
Start Renaming Generated Nets
---------------------------------------------------------------------------------
---------------------------------------------------------------------------------
Finished Renaming Generated Nets : Time (s): cpu = 00:00:30 ; elapsed = 00:00:31 . Memory (MB): peak = 887.016 ; gain = 364.027
---------------------------------------------------------------------------------
---------------------------------------------------------------------------------
Start Writing Synthesis Report
---------------------------------------------------------------------------------

Report BlackBoxes: 
+-+--------------+----------+
| |BlackBox name |Instances |
+-+--------------+----------+
+-+--------------+----------+

Report Cell Usage: 
+------+-------+------+
|      |Cell   |Count |
+------+-------+------+
|1     |BUFG   |     1|
|2     |CARRY4 |     7|
|3     |LUT1   |     3|
|4     |LUT2   |     8|
|5     |LUT3   |    15|
|6     |LUT4   |    23|
|7     |LUT5   |    10|
|8     |LUT6   |    42|
|9     |FDRE   |    79|
|10    |FDSE   |     1|
|11    |IBUF   |    11|
|12    |OBUF   |    21|
|13    |OBUFT  |     7|
+------+-------+------+

Report Instance Areas: 
+------+-----------+---------------------+------+
|      |Instance   |Module               |Cells |
+------+-----------+---------------------+------+
|1     |top        |                     |   228|
|2     |  display  |SevenSegmentDisplays |    46|
|3     |  receive  |UART_Receiver        |    78|
|4     |  transmit |UART_Transmiter      |    64|
+------+-----------+---------------------+------+
---------------------------------------------------------------------------------
Finished Writing Synthesis Report : Time (s): cpu = 00:00:30 ; elapsed = 00:00:31 . Memory (MB): peak = 887.016 ; gain = 364.027
---------------------------------------------------------------------------------
Synthesis finished with 0 errors, 0 critical warnings and 8 warnings.
Synthesis Optimization Runtime : Time (s): cpu = 00:00:21 ; elapsed = 00:00:28 . Memory (MB): peak = 887.016 ; gain = 242.359
Synthesis Optimization Complete : Time (s): cpu = 00:00:30 ; elapsed = 00:00:31 . Memory (MB): peak = 887.016 ; gain = 364.027
INFO: [Project 1-571] Translating synthesized netlist
INFO: [Netlist 29-17] Analyzing 7 Unisim elements for replacement
INFO: [Netlist 29-28] Unisim Transformation completed in 0 CPU seconds
INFO: [Project 1-570] Preparing netlist for logic optimization
INFO: [Opt 31-138] Pushed 0 inverter(s) to 0 load pin(s).
Netlist sorting complete. Time (s): cpu = 00:00:00 ; elapsed = 00:00:00 . Memory (MB): peak = 900.574 ; gain = 0.000
INFO: [Project 1-111] Unisim Transformation Summary:
No Unisim elements were transformed.

INFO: [Common 17-83] Releasing license: Synthesis
29 Infos, 116 Warnings, 100 Critical Warnings and 0 Errors encountered.
synth_design completed successfully
synth_design: Time (s): cpu = 00:00:36 ; elapsed = 00:00:38 . Memory (MB): peak = 900.574 ; gain = 605.891
Netlist sorting complete. Time (s): cpu = 00:00:00 ; elapsed = 00:00:00 . Memory (MB): peak = 900.574 ; gain = 0.000
WARNING: [Constraints 18-5210] No constraints selected for write.
Resolution: This message can indicate that there are no constraints for the design, or it can indicate that the used_in flags are set such that the constraints are ignored. This later case is used when running synth_design to not write synthesis constraints to the resulting checkpoint. Instead, project constraints are read when the synthesized design is opened.
INFO: [Common 17-1381] The checkpoint 'C:/Users/joemo/Desktop/470L part 2/470L part 2.runs/synth_1/Top.dcp' has been generated.
INFO: [runtcl-4] Executing : report_utilization -file Top_utilization_synth.rpt -pb Top_utilization_synth.pb
INFO: [Common 17-206] Exiting Vivado at Tue Oct  8 19:07:58 2019...
